<?xml version="1.0" encoding="UTF-8"?>
<testsuite name="PageTest.PageUtilTest" tests="6" skipped="0" failures="0" errors="0" timestamp="2020-04-28T23:02:11" hostname="DESKTOP-I14CMCJ" time="0.016">
  <properties/>
  <testcase name="test" classname="PageTest.PageUtilTest" time="0.014"/>
  <testcase name="test2" classname="PageTest.PageUtilTest" time="0.0"/>
  <testcase name="test3" classname="PageTest.PageUtilTest" time="0.0"/>
  <testcase name="test4" classname="PageTest.PageUtilTest" time="0.0"/>
  <testcase name="test5" classname="PageTest.PageUtilTest" time="0.0"/>
  <testcase name="test6" classname="PageTest.PageUtilTest" time="0.0"/>
  <system-out><![CDATA[]]></system-out>
  <system-err><![CDATA[]]></system-err>
</testsuite>
